{"/Users/davidedelhart/Documents/demo/my-vue-app/src/constants.js": {"path":"/Users/davidedelhart/Documents/demo/my-vue-app/src/constants.js","statementMap":{"0":{"start":{"line":1,"column":32},"end":{"line":1,"column":47}},"1":{"start":{"line":2,"column":36},"end":{"line":2,"column":61}},"2":{"start":{"line":3,"column":29},"end":{"line":8,"column":1}},"3":{"start":{"line":9,"column":28},"end":{"line":34,"column":1}}},"fnMap":{},"branchMap":{},"s":{"0":1,"1":1,"2":1,"3":1},"f":{},"b":{},"_coverageSchema":"1a1c01bbd47fc00a2c39e90264f33305004495a9","hash":"ea85e8192c36ffe78d324d509f698a840b50b6d7"}
,"/Users/davidedelhart/Documents/demo/my-vue-app/src/lib/stores/fetch-factory.js": {"path":"/Users/davidedelhart/Documents/demo/my-vue-app/src/lib/stores/fetch-factory.js","statementMap":{"0":{"start":{"line":4,"column":2},"end":{"line":32,"column":3}},"1":{"start":{"line":5,"column":4},"end":{"line":31,"column":5}},"2":{"start":{"line":7,"column":8},"end":{"line":12,"column":9}},"3":{"start":{"line":10,"column":12},"end":{"line":10,"column":28}},"4":{"start":{"line":13,"column":8},"end":{"line":13,"column":14}},"5":{"start":{"line":16,"column":8},"end":{"line":21,"column":9}},"6":{"start":{"line":19,"column":12},"end":{"line":19,"column":29}},"7":{"start":{"line":22,"column":8},"end":{"line":22,"column":14}},"8":{"start":{"line":25,"column":8},"end":{"line":30,"column":9}},"9":{"start":{"line":28,"column":12},"end":{"line":28,"column":39}}},"fnMap":{"0":{"name":"fetchFactory","decl":{"start":{"line":3,"column":24},"end":{"line":3,"column":36}},"loc":{"start":{"line":3,"column":58},"end":{"line":33,"column":1}},"line":3},"1":{"name":"(anonymous_1)","decl":{"start":{"line":4,"column":9},"end":{"line":4,"column":10}},"loc":{"start":{"line":4,"column":33},"end":{"line":32,"column":3}},"line":4},"2":{"name":"(anonymous_2)","decl":{"start":{"line":9,"column":10},"end":{"line":9,"column":11}},"loc":{"start":{"line":9,"column":17},"end":{"line":11,"column":11}},"line":9},"3":{"name":"(anonymous_3)","decl":{"start":{"line":18,"column":10},"end":{"line":18,"column":11}},"loc":{"start":{"line":18,"column":17},"end":{"line":20,"column":11}},"line":18},"4":{"name":"(anonymous_4)","decl":{"start":{"line":27,"column":10},"end":{"line":27,"column":11}},"loc":{"start":{"line":27,"column":17},"end":{"line":29,"column":11}},"line":27}},"branchMap":{"0":{"loc":{"start":{"line":5,"column":4},"end":{"line":31,"column":5}},"type":"switch","locations":[{"start":{"line":6,"column":6},"end":{"line":13,"column":14}},{"start":{"line":15,"column":6},"end":{"line":22,"column":14}},{"start":{"line":24,"column":6},"end":{"line":30,"column":9}}],"line":5}},"s":{"0":7,"1":6,"2":3,"3":3,"4":0,"5":3,"6":3,"7":0,"8":0,"9":0},"f":{"0":7,"1":6,"2":3,"3":3,"4":0},"b":{"0":[3,3,0]},"_coverageSchema":"1a1c01bbd47fc00a2c39e90264f33305004495a9","hash":"653aa1e0950a198ff93cc934d1da8ede46254a3f"}
,"/Users/davidedelhart/Documents/demo/my-vue-app/src/lib/stores/global-store.js": {"path":"/Users/davidedelhart/Documents/demo/my-vue-app/src/lib/stores/global-store.js","statementMap":{"0":{"start":{"line":7,"column":12},"end":{"line":7,"column":37}},"1":{"start":{"line":8,"column":2},"end":{"line":8,"column":65}},"2":{"start":{"line":8,"column":35},"end":{"line":8,"column":65}},"3":{"start":{"line":9,"column":2},"end":{"line":9,"column":20}},"4":{"start":{"line":13,"column":2},"end":{"line":112,"column":6}},"5":{"start":{"line":21,"column":11},"end":{"line":21,"column":40}},"6":{"start":{"line":24,"column":11},"end":{"line":24,"column":37}},"7":{"start":{"line":27,"column":11},"end":{"line":27,"column":62}},"8":{"start":{"line":30,"column":11},"end":{"line":30,"column":48}},"9":{"start":{"line":33,"column":11},"end":{"line":33,"column":45}},"10":{"start":{"line":33,"column":38},"end":{"line":33,"column":45}},"11":{"start":{"line":34,"column":11},"end":{"line":34,"column":40}},"12":{"start":{"line":35,"column":28},"end":{"line":35,"column":82}},"13":{"start":{"line":36,"column":31},"end":{"line":36,"column":40}},"14":{"start":{"line":37,"column":11},"end":{"line":39,"column":13}},"15":{"start":{"line":38,"column":13},"end":{"line":38,"column":38}},"16":{"start":{"line":40,"column":11},"end":{"line":40,"column":46}},"17":{"start":{"line":41,"column":11},"end":{"line":41,"column":41}},"18":{"start":{"line":44,"column":29},"end":{"line":44,"column":87}},"19":{"start":{"line":45,"column":32},"end":{"line":45,"column":41}},"20":{"start":{"line":46,"column":11},"end":{"line":48,"column":13}},"21":{"start":{"line":47,"column":13},"end":{"line":47,"column":41}},"22":{"start":{"line":49,"column":11},"end":{"line":49,"column":48}},"23":{"start":{"line":52,"column":11},"end":{"line":58,"column":12}},"24":{"start":{"line":53,"column":13},"end":{"line":53,"column":44}},"25":{"start":{"line":54,"column":13},"end":{"line":54,"column":43}},"26":{"start":{"line":57,"column":13},"end":{"line":57,"column":66}},"27":{"start":{"line":66,"column":13},"end":{"line":66,"column":59}},"28":{"start":{"line":66,"column":42},"end":{"line":66,"column":59}},"29":{"start":{"line":67,"column":13},"end":{"line":78,"column":16}},"30":{"start":{"line":68,"column":15},"end":{"line":70,"column":16}},"31":{"start":{"line":69,"column":17},"end":{"line":69,"column":34}},"32":{"start":{"line":71,"column":15},"end":{"line":77,"column":16}},"33":{"start":{"line":72,"column":30},"end":{"line":72,"column":54}},"34":{"start":{"line":73,"column":17},"end":{"line":73,"column":37}},"35":{"start":{"line":75,"column":17},"end":{"line":75,"column":52}},"36":{"start":{"line":76,"column":17},"end":{"line":76,"column":34}},"37":{"start":{"line":79,"column":13},"end":{"line":79,"column":26}},"38":{"start":{"line":88,"column":35},"end":{"line":88,"column":46}},"39":{"start":{"line":89,"column":33},"end":{"line":89,"column":61}},"40":{"start":{"line":90,"column":15},"end":{"line":94,"column":16}},"41":{"start":{"line":91,"column":17},"end":{"line":91,"column":50}},"42":{"start":{"line":92,"column":17},"end":{"line":92,"column":45}},"43":{"start":{"line":93,"column":17},"end":{"line":93,"column":30}},"44":{"start":{"line":95,"column":36},"end":{"line":95,"column":54}},"45":{"start":{"line":96,"column":15},"end":{"line":102,"column":16}},"46":{"start":{"line":97,"column":33},"end":{"line":97,"column":50}},"47":{"start":{"line":98,"column":33},"end":{"line":98,"column":61}},"48":{"start":{"line":99,"column":17},"end":{"line":99,"column":47}},"49":{"start":{"line":101,"column":17},"end":{"line":101,"column":55}},"50":{"start":{"line":103,"column":15},"end":{"line":103,"column":52}},"51":{"start":{"line":104,"column":15},"end":{"line":104,"column":43}},"52":{"start":{"line":105,"column":15},"end":{"line":105,"column":27}},"53":{"start":{"line":115,"column":17},"end":{"line":115,"column":58}},"54":{"start":{"line":117,"column":20},"end":{"line":120,"column":2}}},"fnMap":{"0":{"name":"asJSON","decl":{"start":{"line":6,"column":15},"end":{"line":6,"column":21}},"loc":{"start":{"line":6,"column":43},"end":{"line":10,"column":1}},"line":6},"1":{"name":"makeGlobalStore","decl":{"start":{"line":12,"column":16},"end":{"line":12,"column":31}},"loc":{"start":{"line":12,"column":47},"end":{"line":113,"column":1}},"line":12},"2":{"name":"(anonymous_2)","decl":{"start":{"line":20,"column":9},"end":{"line":20,"column":10}},"loc":{"start":{"line":20,"column":29},"end":{"line":22,"column":10}},"line":20},"3":{"name":"(anonymous_3)","decl":{"start":{"line":23,"column":9},"end":{"line":23,"column":10}},"loc":{"start":{"line":23,"column":26},"end":{"line":25,"column":10}},"line":23},"4":{"name":"(anonymous_4)","decl":{"start":{"line":26,"column":9},"end":{"line":26,"column":10}},"loc":{"start":{"line":26,"column":43},"end":{"line":28,"column":10}},"line":26},"5":{"name":"(anonymous_5)","decl":{"start":{"line":29,"column":9},"end":{"line":29,"column":10}},"loc":{"start":{"line":29,"column":40},"end":{"line":31,"column":10}},"line":29},"6":{"name":"(anonymous_6)","decl":{"start":{"line":32,"column":9},"end":{"line":32,"column":10}},"loc":{"start":{"line":32,"column":35},"end":{"line":42,"column":10}},"line":32},"7":{"name":"(anonymous_7)","decl":{"start":{"line":37,"column":28},"end":{"line":37,"column":29}},"loc":{"start":{"line":37,"column":35},"end":{"line":39,"column":12}},"line":37},"8":{"name":"(anonymous_8)","decl":{"start":{"line":43,"column":9},"end":{"line":43,"column":10}},"loc":{"start":{"line":43,"column":36},"end":{"line":50,"column":10}},"line":43},"9":{"name":"(anonymous_9)","decl":{"start":{"line":46,"column":31},"end":{"line":46,"column":32}},"loc":{"start":{"line":46,"column":48},"end":{"line":48,"column":12}},"line":46},"10":{"name":"(anonymous_10)","decl":{"start":{"line":51,"column":9},"end":{"line":51,"column":10}},"loc":{"start":{"line":51,"column":27},"end":{"line":59,"column":10}},"line":51},"11":{"name":"(anonymous_11)","decl":{"start":{"line":65,"column":11},"end":{"line":65,"column":12}},"loc":{"start":{"line":65,"column":25},"end":{"line":80,"column":12}},"line":65},"12":{"name":"(anonymous_12)","decl":{"start":{"line":67,"column":27},"end":{"line":67,"column":28}},"loc":{"start":{"line":67,"column":44},"end":{"line":78,"column":14}},"line":67},"13":{"name":"(anonymous_13)","decl":{"start":{"line":87,"column":13},"end":{"line":87,"column":14}},"loc":{"start":{"line":87,"column":58},"end":{"line":106,"column":14}},"line":87},"14":{"name":"(anonymous_14)","decl":{"start":{"line":118,"column":2},"end":{"line":118,"column":3}},"loc":{"start":{"line":118,"column":10},"end":{"line":119,"column":3}},"line":118}},"branchMap":{"0":{"loc":{"start":{"line":8,"column":2},"end":{"line":8,"column":65}},"type":"if","locations":[{"start":{"line":8,"column":2},"end":{"line":8,"column":65}},{"start":{},"end":{}}],"line":8},"1":{"loc":{"start":{"line":26,"column":34},"end":{"line":26,"column":41}},"type":"default-arg","locations":[{"start":{"line":26,"column":40},"end":{"line":26,"column":41}}],"line":26},"2":{"loc":{"start":{"line":33,"column":11},"end":{"line":33,"column":45}},"type":"if","locations":[{"start":{"line":33,"column":11},"end":{"line":33,"column":45}},{"start":{},"end":{}}],"line":33},"3":{"loc":{"start":{"line":66,"column":13},"end":{"line":66,"column":59}},"type":"if","locations":[{"start":{"line":66,"column":13},"end":{"line":66,"column":59}},{"start":{},"end":{}}],"line":66},"4":{"loc":{"start":{"line":68,"column":15},"end":{"line":70,"column":16}},"type":"if","locations":[{"start":{"line":68,"column":15},"end":{"line":70,"column":16}},{"start":{},"end":{}}],"line":68},"5":{"loc":{"start":{"line":68,"column":21},"end":{"line":68,"column":59}},"type":"binary-expr","locations":[{"start":{"line":68,"column":21},"end":{"line":68,"column":28}},{"start":{"line":68,"column":32},"end":{"line":68,"column":59}}],"line":68},"6":{"loc":{"start":{"line":87,"column":35},"end":{"line":87,"column":42}},"type":"default-arg","locations":[{"start":{"line":87,"column":41},"end":{"line":87,"column":42}}],"line":87},"7":{"loc":{"start":{"line":87,"column":44},"end":{"line":87,"column":56}},"type":"default-arg","locations":[{"start":{"line":87,"column":54},"end":{"line":87,"column":56}}],"line":87},"8":{"loc":{"start":{"line":90,"column":15},"end":{"line":94,"column":16}},"type":"if","locations":[{"start":{"line":90,"column":15},"end":{"line":94,"column":16}},{"start":{},"end":{}}],"line":90},"9":{"loc":{"start":{"line":90,"column":21},"end":{"line":90,"column":63}},"type":"binary-expr","locations":[{"start":{"line":90,"column":21},"end":{"line":90,"column":38}},{"start":{"line":90,"column":42},"end":{"line":90,"column":63}}],"line":90},"10":{"loc":{"start":{"line":96,"column":15},"end":{"line":102,"column":16}},"type":"if","locations":[{"start":{"line":96,"column":15},"end":{"line":102,"column":16}},{"start":{"line":100,"column":22},"end":{"line":102,"column":16}}],"line":96},"11":{"loc":{"start":{"line":117,"column":46},"end":{"line":120,"column":1}},"type":"cond-expr","locations":[{"start":{"line":117,"column":78},"end":{"line":117,"column":84}},{"start":{"line":117,"column":87},"end":{"line":120,"column":1}}],"line":117}},"s":{"0":6,"1":6,"2":0,"3":6,"4":7,"5":1,"6":3,"7":0,"8":0,"9":3,"10":0,"11":3,"12":3,"13":3,"14":3,"15":12,"16":3,"17":3,"18":3,"19":3,"20":3,"21":12,"22":3,"23":2,"24":2,"25":2,"26":0,"27":12,"28":1,"29":11,"30":14,"31":1,"32":14,"33":14,"34":13,"35":1,"36":1,"37":11,"38":3,"39":3,"40":3,"41":1,"42":1,"43":1,"44":2,"45":2,"46":1,"47":1,"48":1,"49":1,"50":2,"51":2,"52":2,"53":1,"54":1},"f":{"0":6,"1":7,"2":1,"3":3,"4":0,"5":0,"6":3,"7":12,"8":3,"9":12,"10":2,"11":12,"12":14,"13":3,"14":0},"b":{"0":[0,6],"1":[0],"2":[0,3],"3":[1,11],"4":[1,13],"5":[14,14],"6":[1],"7":[1],"8":[1,2],"9":[3,2],"10":[1,1],"11":[0,1]},"_coverageSchema":"1a1c01bbd47fc00a2c39e90264f33305004495a9","hash":"0153e59f45196cd758312d4607514c6a04cd72b5"}
,"/Users/davidedelhart/Documents/demo/my-vue-app/src/lib/stores/product.js": {"path":"/Users/davidedelhart/Documents/demo/my-vue-app/src/lib/stores/product.js","statementMap":{"0":{"start":{"line":3,"column":2},"end":{"line":3,"column":36}},"1":{"start":{"line":3,"column":27},"end":{"line":3,"column":36}},"2":{"start":{"line":4,"column":2},"end":{"line":4,"column":37}},"3":{"start":{"line":4,"column":11},"end":{"line":4,"column":37}},"4":{"start":{"line":5,"column":2},"end":{"line":5,"column":15}},"5":{"start":{"line":9,"column":2},"end":{"line":9,"column":19}},"6":{"start":{"line":15,"column":4},"end":{"line":15,"column":74}},"7":{"start":{"line":15,"column":34},"end":{"line":15,"column":74}},"8":{"start":{"line":16,"column":4},"end":{"line":16,"column":36}},"9":{"start":{"line":17,"column":4},"end":{"line":17,"column":50}},"10":{"start":{"line":18,"column":4},"end":{"line":18,"column":42}},"11":{"start":{"line":19,"column":4},"end":{"line":19,"column":50}},"12":{"start":{"line":19,"column":22},"end":{"line":19,"column":50}},"13":{"start":{"line":20,"column":4},"end":{"line":20,"column":48}}},"fnMap":{"0":{"name":"asNumber","decl":{"start":{"line":2,"column":9},"end":{"line":2,"column":17}},"loc":{"start":{"line":2,"column":30},"end":{"line":6,"column":1}},"line":2},"1":{"name":"asString","decl":{"start":{"line":8,"column":9},"end":{"line":8,"column":17}},"loc":{"start":{"line":8,"column":25},"end":{"line":10,"column":1}},"line":8},"2":{"name":"(anonymous_2)","decl":{"start":{"line":14,"column":2},"end":{"line":14,"column":3}},"loc":{"start":{"line":14,"column":29},"end":{"line":21,"column":3}},"line":14}},"branchMap":{"0":{"loc":{"start":{"line":3,"column":2},"end":{"line":3,"column":36}},"type":"if","locations":[{"start":{"line":3,"column":2},"end":{"line":3,"column":36}},{"start":{},"end":{}}],"line":3},"1":{"loc":{"start":{"line":4,"column":2},"end":{"line":4,"column":37}},"type":"if","locations":[{"start":{"line":4,"column":2},"end":{"line":4,"column":37}},{"start":{},"end":{}}],"line":4},"2":{"loc":{"start":{"line":14,"column":14},"end":{"line":14,"column":23}},"type":"default-arg","locations":[{"start":{"line":14,"column":21},"end":{"line":14,"column":23}}],"line":14},"3":{"loc":{"start":{"line":15,"column":4},"end":{"line":15,"column":74}},"type":"if","locations":[{"start":{"line":15,"column":4},"end":{"line":15,"column":74}},{"start":{},"end":{}}],"line":15},"4":{"loc":{"start":{"line":19,"column":4},"end":{"line":19,"column":50}},"type":"if","locations":[{"start":{"line":19,"column":4},"end":{"line":19,"column":50}},{"start":{},"end":{}}],"line":19},"5":{"loc":{"start":{"line":20,"column":14},"end":{"line":20,"column":47}},"type":"binary-expr","locations":[{"start":{"line":20,"column":14},"end":{"line":20,"column":31}},{"start":{"line":20,"column":35},"end":{"line":20,"column":47}}],"line":20}},"s":{"0":26,"1":0,"2":26,"3":13,"4":13,"5":26,"6":14,"7":1,"8":13,"9":13,"10":13,"11":13,"12":0,"13":13},"f":{"0":26,"1":26,"2":14},"b":{"0":[0,26],"1":[13,13],"2":[0],"3":[1,13],"4":[0,13],"5":[13,0]},"_coverageSchema":"1a1c01bbd47fc00a2c39e90264f33305004495a9","hash":"1bf80e707fb2444f14cd0ae1e2da5d72159458f6"}
}
