TN:
SF:src/constants.js
FNF:0
FNH:0
DA:1,1
DA:2,1
DA:3,1
DA:9,1
LF:4
LH:4
BRF:0
BRH:0
end_of_record
TN:
SF:src/lib/stores/fetch-factory.js
FN:3,fetchFactory
FN:4,(anonymous_1)
FN:9,(anonymous_2)
FN:18,(anonymous_3)
FN:27,(anonymous_4)
FNF:5
FNH:4
FNDA:7,fetchFactory
FNDA:6,(anonymous_1)
FNDA:3,(anonymous_2)
FNDA:3,(anonymous_3)
FNDA:0,(anonymous_4)
DA:4,7
DA:5,6
DA:7,3
DA:10,3
DA:13,0
DA:16,3
DA:19,3
DA:22,0
DA:25,0
DA:28,0
LF:10
LH:6
BRDA:5,0,0,3
BRDA:5,0,1,3
BRDA:5,0,2,0
BRF:3
BRH:2
end_of_record
TN:
SF:src/lib/stores/global-store.js
FN:6,asJSON
FN:12,makeGlobalStore
FN:20,(anonymous_2)
FN:23,(anonymous_3)
FN:26,(anonymous_4)
FN:29,(anonymous_5)
FN:32,(anonymous_6)
FN:37,(anonymous_7)
FN:43,(anonymous_8)
FN:46,(anonymous_9)
FN:51,(anonymous_10)
FN:65,(anonymous_11)
FN:67,(anonymous_12)
FN:87,(anonymous_13)
FN:118,(anonymous_14)
FNF:15
FNH:12
FNDA:6,asJSON
FNDA:7,makeGlobalStore
FNDA:1,(anonymous_2)
FNDA:3,(anonymous_3)
FNDA:0,(anonymous_4)
FNDA:0,(anonymous_5)
FNDA:3,(anonymous_6)
FNDA:12,(anonymous_7)
FNDA:3,(anonymous_8)
FNDA:12,(anonymous_9)
FNDA:2,(anonymous_10)
FNDA:12,(anonymous_11)
FNDA:14,(anonymous_12)
FNDA:3,(anonymous_13)
FNDA:0,(anonymous_14)
DA:7,6
DA:8,6
DA:9,6
DA:13,7
DA:21,1
DA:24,3
DA:27,0
DA:30,0
DA:33,3
DA:34,3
DA:35,3
DA:36,3
DA:37,3
DA:38,12
DA:40,3
DA:41,3
DA:44,3
DA:45,3
DA:46,3
DA:47,12
DA:49,3
DA:52,2
DA:53,2
DA:54,2
DA:57,0
DA:66,12
DA:67,11
DA:68,14
DA:69,1
DA:71,14
DA:72,14
DA:73,13
DA:75,1
DA:76,1
DA:79,11
DA:88,3
DA:89,3
DA:90,3
DA:91,1
DA:92,1
DA:93,1
DA:95,2
DA:96,2
DA:97,1
DA:98,1
DA:99,1
DA:101,1
DA:103,2
DA:104,2
DA:105,2
DA:115,1
DA:117,1
LF:52
LH:49
BRDA:8,0,0,0
BRDA:8,0,1,6
BRDA:26,1,0,0
BRDA:33,2,0,0
BRDA:33,2,1,3
BRDA:66,3,0,1
BRDA:66,3,1,11
BRDA:68,4,0,1
BRDA:68,4,1,13
BRDA:68,5,0,14
BRDA:68,5,1,14
BRDA:87,6,0,1
BRDA:87,7,0,1
BRDA:90,8,0,1
BRDA:90,8,1,2
BRDA:90,9,0,3
BRDA:90,9,1,2
BRDA:96,10,0,1
BRDA:96,10,1,1
BRDA:117,11,0,0
BRDA:117,11,1,1
BRF:21
BRH:17
end_of_record
TN:
SF:src/lib/stores/product.js
FN:2,asNumber
FN:8,asString
FN:14,(anonymous_2)
FNF:3
FNH:3
FNDA:26,asNumber
FNDA:26,asString
FNDA:14,(anonymous_2)
DA:3,26
DA:4,26
DA:5,13
DA:9,26
DA:15,14
DA:16,13
DA:17,13
DA:18,13
DA:19,13
DA:20,13
LF:10
LH:10
BRDA:3,0,0,0
BRDA:3,0,1,26
BRDA:4,1,0,13
BRDA:4,1,1,13
BRDA:14,2,0,0
BRDA:15,3,0,1
BRDA:15,3,1,13
BRDA:19,4,0,0
BRDA:19,4,1,13
BRDA:20,5,0,13
BRDA:20,5,1,0
BRF:11
BRH:7
end_of_record
